
*** Running vivado
    with args -log tetris_top.vdi -applog -m64 -product Vivado -messageDb vivado.pb -mode batch -source tetris_top.tcl -notrace



****** Vivado v2025.1 (64-bit)
  **** SW Build 6140274 on Thu May 22 00:12:29 MDT 2025
  **** IP Build 6138677 on Thu May 22 03:10:11 MDT 2025
  **** SharedData Build 6139179 on Tue May 20 17:58:58 MDT 2025
  **** Start of session at: Fri Dec 19 13:09:04 2025
    ** Copyright 1986-2022 Xilinx, Inc. All Rights Reserved.
    ** Copyright 2022-2025 Advanced Micro Devices, Inc. All Rights Reserved.

source tetris_top.tcl -notrace
Command: link_design -top tetris_top -part xc7a100tcsg324-1
Design is defaulting to srcset: sources_1
Design is defaulting to constrset: constrs_1
INFO: [Device 21-403] Loading part xc7a100tcsg324-1
INFO: [Project 1-5699] Read binary netlist with skipMacroContent - 1
INFO: [Project 1-454] Reading design checkpoint 'c:/Users/User/Documents/Trabajo_SED_Tetris/Trabajo_V.7/Trabajo_V.7.gen/sources_1/ip/clk_wiz_tetris/clk_wiz_tetris.dcp' for cell 'u_clk_wiz'
Netlist sorting complete. Time (s): cpu = 00:00:00 ; elapsed = 00:00:00.058 . Memory (MB): peak = 749.012 ; gain = 0.000
INFO: [Netlist 29-17] Analyzing 1605 Unisim elements for replacement
INFO: [Netlist 29-28] Unisim Transformation completed in 0 CPU seconds
INFO: [Project 1-479] Netlist was created with Vivado 2024.1
INFO: [Project 1-570] Preparing netlist for logic optimization
WARNING: [Opt 31-35] Removing redundant IBUF, u_clk_wiz/inst/clkin1_ibufg, from the path connected to top-level port: clk_100MHz 
Resolution: The tool has removed redundant IBUF. To resolve this warning, check for redundant IBUF in the input design.
WARNING: [Constraints 18-550] Could not create 'IBUF_LOW_PWR' constraint because net 'u_clk_wiz/clk_in1' is not directly connected to top level port. 'IBUF_LOW_PWR' is ignored for synthesis but preserved for implementation.
Parsing XDC File [c:/Users/User/Documents/Trabajo_SED_Tetris/Trabajo_V.7/Trabajo_V.7.gen/sources_1/ip/clk_wiz_tetris/clk_wiz_tetris_board.xdc] for cell 'u_clk_wiz/inst'
Finished Parsing XDC File [c:/Users/User/Documents/Trabajo_SED_Tetris/Trabajo_V.7/Trabajo_V.7.gen/sources_1/ip/clk_wiz_tetris/clk_wiz_tetris_board.xdc] for cell 'u_clk_wiz/inst'
Parsing XDC File [c:/Users/User/Documents/Trabajo_SED_Tetris/Trabajo_V.7/Trabajo_V.7.gen/sources_1/ip/clk_wiz_tetris/clk_wiz_tetris.xdc] for cell 'u_clk_wiz/inst'
INFO: [Timing 38-35] Done setting XDC timing constraints. [c:/Users/User/Documents/Trabajo_SED_Tetris/Trabajo_V.7/Trabajo_V.7.gen/sources_1/ip/clk_wiz_tetris/clk_wiz_tetris.xdc:54]
INFO: [Timing 38-2] Deriving generated clocks [c:/Users/User/Documents/Trabajo_SED_Tetris/Trabajo_V.7/Trabajo_V.7.gen/sources_1/ip/clk_wiz_tetris/clk_wiz_tetris.xdc:54]
Finished Parsing XDC File [c:/Users/User/Documents/Trabajo_SED_Tetris/Trabajo_V.7/Trabajo_V.7.gen/sources_1/ip/clk_wiz_tetris/clk_wiz_tetris.xdc] for cell 'u_clk_wiz/inst'
Parsing XDC File [C:/Users/User/Documents/Trabajo_SED_Tetris/Trabajo_V.7/Trabajo_V.7.srcs/constrs_1/imports/FPGAs/Nexys-4-DDR-Master.xdc]
Finished Parsing XDC File [C:/Users/User/Documents/Trabajo_SED_Tetris/Trabajo_V.7/Trabajo_V.7.srcs/constrs_1/imports/FPGAs/Nexys-4-DDR-Master.xdc]
INFO: [Opt 31-138] Pushed 0 inverter(s) to 0 load pin(s).
Netlist sorting complete. Time (s): cpu = 00:00:00 ; elapsed = 00:00:00.002 . Memory (MB): peak = 1469.340 ; gain = 0.000
INFO: [Project 1-111] Unisim Transformation Summary:
No Unisim elements were transformed.

11 Infos, 2 Warnings, 0 Critical Warnings and 0 Errors encountered.
link_design completed successfully
link_design: Time (s): cpu = 00:00:08 ; elapsed = 00:00:09 . Memory (MB): peak = 1469.340 ; gain = 954.781
Command: opt_design
Attempting to get a license for feature 'Implementation' and/or device 'xc7a100t'
INFO: [Common 17-349] Got license for feature 'Implementation' and/or device 'xc7a100t'
Running DRC as a precondition to command opt_design

Starting DRC Task
INFO: [DRC 23-27] Running DRC with 2 threads
INFO: [Project 1-461] DRC finished with 0 Errors
INFO: [Project 1-462] Please refer to the DRC report (report_drc) for more information.

Time (s): cpu = 00:00:02 ; elapsed = 00:00:00.994 . Memory (MB): peak = 1469.340 ; gain = 0.000

Starting Cache Timing Information Task
INFO: [Timing 38-35] Done setting XDC timing constraints.
Ending Cache Timing Information Task | Checksum: 1224ad9a1

Time (s): cpu = 00:00:00 ; elapsed = 00:00:00.205 . Memory (MB): peak = 1496.848 ; gain = 27.508

Starting Logic Optimization Task

Phase 1 Initialization

Phase 1.1 Core Generation And Design Setup
Phase 1.1 Core Generation And Design Setup | Checksum: 1224ad9a1

Time (s): cpu = 00:00:00 ; elapsed = 00:00:00.005 . Memory (MB): peak = 1917.031 ; gain = 0.000

Phase 1.2 Setup Constraints And Sort Netlist
Phase 1.2 Setup Constraints And Sort Netlist | Checksum: 1224ad9a1

Time (s): cpu = 00:00:00 ; elapsed = 00:00:00.012 . Memory (MB): peak = 1917.031 ; gain = 0.000
Phase 1 Initialization | Checksum: 1224ad9a1

Time (s): cpu = 00:00:00 ; elapsed = 00:00:00.012 . Memory (MB): peak = 1917.031 ; gain = 0.000

Phase 2 Timer Update And Timing Data Collection

Phase 2.1 Timer Update
Phase 2.1 Timer Update | Checksum: 1224ad9a1

Time (s): cpu = 00:00:00 ; elapsed = 00:00:00.195 . Memory (MB): peak = 1917.031 ; gain = 0.000

Phase 2.2 Timing Data Collection
Phase 2.2 Timing Data Collection | Checksum: 1224ad9a1

Time (s): cpu = 00:00:00 ; elapsed = 00:00:00.214 . Memory (MB): peak = 1917.031 ; gain = 0.000
Phase 2 Timer Update And Timing Data Collection | Checksum: 1224ad9a1

Time (s): cpu = 00:00:00 ; elapsed = 00:00:00.215 . Memory (MB): peak = 1917.031 ; gain = 0.000

Phase 3 Retarget
INFO: [Opt 31-1851] Number of loadless carry chains removed were: 0
INFO: [Opt 31-1834] Total Chains To Be Transformed Were: 0 AND Number of Transformed insts Created are: 0
INFO: [Opt 31-1566] Pulled 2 inverters resulting in an inversion of 35 pins
INFO: [Opt 31-138] Pushed 0 inverter(s) to 0 load pin(s).
INFO: [Opt 31-49] Retargeted 0 cell(s).
Phase 3 Retarget | Checksum: 16fc9a5e4

Time (s): cpu = 00:00:01 ; elapsed = 00:00:00.362 . Memory (MB): peak = 1917.031 ; gain = 0.000
Retarget | Checksum: 16fc9a5e4
INFO: [Opt 31-389] Phase Retarget created 0 cells and removed 2 cells
INFO: [Opt 31-1021] In phase Retarget, 1 netlist objects are constrained preventing optimization. Please run opt_design with -debug_log to get more detail. 

Phase 4 Constant propagation
INFO: [Opt 31-138] Pushed 0 inverter(s) to 0 load pin(s).
Phase 4 Constant propagation | Checksum: 11c1875a1

Time (s): cpu = 00:00:01 ; elapsed = 00:00:00.441 . Memory (MB): peak = 1917.031 ; gain = 0.000
Constant propagation | Checksum: 11c1875a1
INFO: [Opt 31-389] Phase Constant propagation created 0 cells and removed 0 cells

Phase 5 Sweep
INFO: [Constraints 18-11670] Building netlist checker database with flags, 0x8
Done building netlist checker database: Time (s): cpu = 00:00:00 ; elapsed = 00:00:00.001 . Memory (MB): peak = 1917.031 ; gain = 0.000
Phase 5 Sweep | Checksum: 15068d887

Time (s): cpu = 00:00:01 ; elapsed = 00:00:00.521 . Memory (MB): peak = 1917.031 ; gain = 0.000
Sweep | Checksum: 15068d887
INFO: [Opt 31-389] Phase Sweep created 0 cells and removed 0 cells

Phase 6 BUFG optimization
Phase 6 BUFG optimization | Checksum: 15068d887

Time (s): cpu = 00:00:01 ; elapsed = 00:00:00.589 . Memory (MB): peak = 1917.031 ; gain = 0.000
BUFG optimization | Checksum: 15068d887
INFO: [Opt 31-662] Phase BUFG optimization created 0 cells of which 0 are BUFGs and removed 0 cells.

Phase 7 Shift Register Optimization
INFO: [Opt 31-1064] SRL Remap converted 0 SRLs to 0 registers and converted 0 registers of register chains to 0 SRLs
Phase 7 Shift Register Optimization | Checksum: 15068d887

Time (s): cpu = 00:00:01 ; elapsed = 00:00:00.598 . Memory (MB): peak = 1917.031 ; gain = 0.000
Shift Register Optimization | Checksum: 15068d887
INFO: [Opt 31-389] Phase Shift Register Optimization created 0 cells and removed 0 cells

Phase 8 Post Processing Netlist
Phase 8 Post Processing Netlist | Checksum: 15068d887

Time (s): cpu = 00:00:01 ; elapsed = 00:00:00.617 . Memory (MB): peak = 1917.031 ; gain = 0.000
Post Processing Netlist | Checksum: 15068d887
INFO: [Opt 31-389] Phase Post Processing Netlist created 0 cells and removed 0 cells

Phase 9 Finalization

Phase 9.1 Finalizing Design Cores and Updating Shapes
Phase 9.1 Finalizing Design Cores and Updating Shapes | Checksum: 280de550b

Time (s): cpu = 00:00:01 ; elapsed = 00:00:00.753 . Memory (MB): peak = 1917.031 ; gain = 0.000

Phase 9.2 Verifying Netlist Connectivity

Starting Connectivity Check Task

Time (s): cpu = 00:00:00 ; elapsed = 00:00:00.020 . Memory (MB): peak = 1917.031 ; gain = 0.000
Phase 9.2 Verifying Netlist Connectivity | Checksum: 280de550b

Time (s): cpu = 00:00:01 ; elapsed = 00:00:00.774 . Memory (MB): peak = 1917.031 ; gain = 0.000
Phase 9 Finalization | Checksum: 280de550b

Time (s): cpu = 00:00:01 ; elapsed = 00:00:00.775 . Memory (MB): peak = 1917.031 ; gain = 0.000
Opt_design Change Summary
=========================


-------------------------------------------------------------------------------------------------------------------------
|  Phase                        |  #Cells created  |  #Cells Removed  |  #Constrained objects preventing optimizations  |
-------------------------------------------------------------------------------------------------------------------------
|  Retarget                     |               0  |               2  |                                              1  |
|  Constant propagation         |               0  |               0  |                                              0  |
|  Sweep                        |               0  |               0  |                                              0  |
|  BUFG optimization            |               0  |               0  |                                              0  |
|  Shift Register Optimization  |               0  |               0  |                                              0  |
|  Post Processing Netlist      |               0  |               0  |                                              0  |
-------------------------------------------------------------------------------------------------------------------------


Ending Logic Optimization Task | Checksum: 280de550b

Time (s): cpu = 00:00:01 ; elapsed = 00:00:00.776 . Memory (MB): peak = 1917.031 ; gain = 0.000

Starting Power Optimization Task
INFO: [Pwropt 34-132] Skipping clock gating for clocks with a period < 2.00 ns.
Ending Power Optimization Task | Checksum: 280de550b

Time (s): cpu = 00:00:00 ; elapsed = 00:00:00.016 . Memory (MB): peak = 1917.031 ; gain = 0.000

Starting Final Cleanup Task
Ending Final Cleanup Task | Checksum: 280de550b

Time (s): cpu = 00:00:00 ; elapsed = 00:00:00.001 . Memory (MB): peak = 1917.031 ; gain = 0.000

Starting Netlist Obfuscation Task
Netlist sorting complete. Time (s): cpu = 00:00:00 ; elapsed = 00:00:00.003 . Memory (MB): peak = 1917.031 ; gain = 0.000
Ending Netlist Obfuscation Task | Checksum: 280de550b

Time (s): cpu = 00:00:00 ; elapsed = 00:00:00.004 . Memory (MB): peak = 1917.031 ; gain = 0.000
INFO: [Common 17-83] Releasing license: Implementation
33 Infos, 2 Warnings, 0 Critical Warnings and 0 Errors encountered.
opt_design completed successfully
INFO: [Vivado 12-24828] Executing command : report_drc -file tetris_top_drc_opted.rpt -pb tetris_top_drc_opted.pb -rpx tetris_top_drc_opted.rpx
Command: report_drc -file tetris_top_drc_opted.rpt -pb tetris_top_drc_opted.pb -rpx tetris_top_drc_opted.rpx
INFO: [IP_Flow 19-1839] IP Catalog is up to date.
INFO: [DRC 23-27] Running DRC with 2 threads
INFO: [Vivado_Tcl 2-168] The results of DRC are in file C:/Users/User/Documents/Trabajo_SED_Tetris/Trabajo_V.7/Trabajo_V.7.runs/impl_1/tetris_top_drc_opted.rpt.
report_drc completed successfully
INFO: [Timing 38-480] Writing timing data to binary archive.
Wrote PlaceDB: Time (s): cpu = 00:00:00 ; elapsed = 00:00:00.001 . Memory (MB): peak = 1917.031 ; gain = 0.000
Wrote PulsedLatchDB: Time (s): cpu = 00:00:00 ; elapsed = 00:00:00 . Memory (MB): peak = 1917.031 ; gain = 0.000
Writing XDEF routing.
Writing XDEF routing logical nets.
Writing XDEF routing special nets.
Wrote RouteStorage: Time (s): cpu = 00:00:00 ; elapsed = 00:00:00.018 . Memory (MB): peak = 1917.031 ; gain = 0.000
Wrote Netlist Cache: Time (s): cpu = 00:00:00 ; elapsed = 00:00:00 . Memory (MB): peak = 1917.031 ; gain = 0.000
Wrote Device Cache: Time (s): cpu = 00:00:00 ; elapsed = 00:00:00.004 . Memory (MB): peak = 1917.031 ; gain = 0.000
Write ShapeDB Complete: Time (s): cpu = 00:00:00 ; elapsed = 00:00:00.028 . Memory (MB): peak = 1917.031 ; gain = 0.000
Write Physdb Complete: Time (s): cpu = 00:00:00 ; elapsed = 00:00:00.028 . Memory (MB): peak = 1917.031 ; gain = 0.000
INFO: [Common 17-1381] The checkpoint 'C:/Users/User/Documents/Trabajo_SED_Tetris/Trabajo_V.7/Trabajo_V.7.runs/impl_1/tetris_top_opt.dcp' has been generated.
Command: place_design
Attempting to get a license for feature 'Implementation' and/or device 'xc7a100t'
INFO: [Common 17-349] Got license for feature 'Implementation' and/or device 'xc7a100t'
INFO: [Common 17-83] Releasing license: Implementation
INFO: [DRC 23-27] Running DRC with 2 threads
INFO: [Vivado_Tcl 4-198] DRC finished with 0 Errors
INFO: [Vivado_Tcl 4-199] Please refer to the DRC report (report_drc) for more information.
Running DRC as a precondition to command place_design
INFO: [DRC 23-27] Running DRC with 2 threads
INFO: [Vivado_Tcl 4-198] DRC finished with 0 Errors
INFO: [Vivado_Tcl 4-199] Please refer to the DRC report (report_drc) for more information.
INFO: [Place 30-611] Multithreading enabled for place_design using a maximum of 2 CPUs

Starting Placer Task

Phase 1 Placer Initialization

Phase 1.1 Placer Initialization Netlist Sorting
Netlist sorting complete. Time (s): cpu = 00:00:00 ; elapsed = 00:00:00.003 . Memory (MB): peak = 1917.031 ; gain = 0.000
Phase 1.1 Placer Initialization Netlist Sorting | Checksum: 19dcbf61a

Time (s): cpu = 00:00:00 ; elapsed = 00:00:00.005 . Memory (MB): peak = 1917.031 ; gain = 0.000
Netlist sorting complete. Time (s): cpu = 00:00:00 ; elapsed = 00:00:00.003 . Memory (MB): peak = 1917.031 ; gain = 0.000

Phase 1.2 IO Placement/ Clock Placement/ Build Placer Device
INFO: [Timing 38-35] Done setting XDC timing constraints.
Phase 1.2 IO Placement/ Clock Placement/ Build Placer Device | Checksum: 18863e745

Time (s): cpu = 00:00:01 ; elapsed = 00:00:00.571 . Memory (MB): peak = 1917.031 ; gain = 0.000

Phase 1.3 Build Placer Netlist Model
Phase 1.3 Build Placer Netlist Model | Checksum: 2008d22d8

Time (s): cpu = 00:00:02 ; elapsed = 00:00:02 . Memory (MB): peak = 1919.645 ; gain = 2.613

Phase 1.4 Constrain Clocks/Macros
Phase 1.4 Constrain Clocks/Macros | Checksum: 2008d22d8

Time (s): cpu = 00:00:02 ; elapsed = 00:00:02 . Memory (MB): peak = 1919.645 ; gain = 2.613
Phase 1 Placer Initialization | Checksum: 2008d22d8

Time (s): cpu = 00:00:02 ; elapsed = 00:00:02 . Memory (MB): peak = 1919.645 ; gain = 2.613

Phase 2 Global Placement

Phase 2.1 Floorplanning
Phase 2.1 Floorplanning | Checksum: 222d2cee6

Time (s): cpu = 00:00:03 ; elapsed = 00:00:02 . Memory (MB): peak = 1919.645 ; gain = 2.613

Phase 2.2 Update Timing before SLR Path Opt
Phase 2.2 Update Timing before SLR Path Opt | Checksum: 2007682a4

Time (s): cpu = 00:00:04 ; elapsed = 00:00:03 . Memory (MB): peak = 1919.645 ; gain = 2.613

Phase 2.3 Post-Processing in Floorplanning
Phase 2.3 Post-Processing in Floorplanning | Checksum: 2007682a4

Time (s): cpu = 00:00:04 ; elapsed = 00:00:03 . Memory (MB): peak = 1919.645 ; gain = 2.613

Phase 2.4 Global Place Phase1
Phase 2.4 Global Place Phase1 | Checksum: 19542604a

Time (s): cpu = 00:00:10 ; elapsed = 00:00:07 . Memory (MB): peak = 1919.645 ; gain = 2.613

Phase 2.5 Global Place Phase2

Phase 2.5.1 UpdateTiming Before Physical Synthesis
Phase 2.5.1 UpdateTiming Before Physical Synthesis | Checksum: 1ae675128

Time (s): cpu = 00:00:11 ; elapsed = 00:00:07 . Memory (MB): peak = 1919.645 ; gain = 2.613

Phase 2.5.2 Physical Synthesis In Placer
INFO: [Physopt 32-1035] Found 83 LUTNM shape to break, 73 LUT instances to create LUTNM shape
INFO: [Physopt 32-1044] Break lutnm for timing: one critical 67, two critical 16, total 83, new lutff created 2
INFO: [Physopt 32-1138] End 1 Pass. Optimized 109 nets or LUTs. Breaked 83 LUTs, combined 26 existing LUTs and moved 0 existing LUT
INFO: [Physopt 32-65] No nets found for high-fanout optimization.
INFO: [Physopt 32-232] Optimized 0 net. Created 0 new instance.
INFO: [Physopt 32-775] End 1 Pass. Optimized 0 net or cell. Created 0 new cell, deleted 0 existing cell and moved 0 existing cell
INFO: [Physopt 32-456] No candidate cells for DSP register optimization found in the design.
INFO: [Physopt 32-775] End 2 Pass. Optimized 0 net or cell. Created 0 new cell, deleted 0 existing cell and moved 0 existing cell
INFO: [Physopt 32-1123] No candidate cells found for Shift Register to Pipeline optimization
INFO: [Physopt 32-775] End 2 Pass. Optimized 0 net or cell. Created 0 new cell, deleted 0 existing cell and moved 0 existing cell
INFO: [Physopt 32-1401] No candidate cells found for Shift Register optimization.
INFO: [Physopt 32-677] No candidate cells for Shift Register optimization found in the design
INFO: [Physopt 32-775] End 1 Pass. Optimized 0 net or cell. Created 0 new cell, deleted 0 existing cell and moved 0 existing cell
INFO: [Physopt 32-526] No candidate cells for BRAM register optimization found in the design
INFO: [Physopt 32-775] End 1 Pass. Optimized 0 net or cell. Created 0 new cell, deleted 0 existing cell and moved 0 existing cell
INFO: [Physopt 32-846] No candidate cells for URAM register optimization found in the design
INFO: [Physopt 32-775] End 1 Pass. Optimized 0 net or cell. Created 0 new cell, deleted 0 existing cell and moved 0 existing cell
INFO: [Physopt 32-846] No candidate cells for URAM register optimization found in the design
INFO: [Physopt 32-775] End 1 Pass. Optimized 0 net or cell. Created 0 new cell, deleted 0 existing cell and moved 0 existing cell
INFO: [Physopt 32-949] No candidate nets found for dynamic/static region interface net replication
INFO: [Physopt 32-775] End 1 Pass. Optimized 0 net or cell. Created 0 new cell, deleted 0 existing cell and moved 0 existing cell
Netlist sorting complete. Time (s): cpu = 00:00:00 ; elapsed = 00:00:00.004 . Memory (MB): peak = 1919.645 ; gain = 0.000

Summary of Physical Synthesis Optimizations
============================================


-----------------------------------------------------------------------------------------------------------------------------------------------------------
|  Optimization                                     |  Added Cells  |  Removed Cells  |  Optimized Cells/Nets  |  Dont Touch  |  Iterations  |  Elapsed   |
-----------------------------------------------------------------------------------------------------------------------------------------------------------
|  LUT Combining                                    |           83  |             26  |                   109  |           0  |           1  |  00:00:00  |
|  Retime                                           |            0  |              0  |                     0  |           0  |           1  |  00:00:00  |
|  Very High Fanout                                 |            0  |              0  |                     0  |           0  |           1  |  00:00:00  |
|  DSP Register                                     |            0  |              0  |                     0  |           0  |           1  |  00:00:00  |
|  Shift Register to Pipeline                       |            0  |              0  |                     0  |           0  |           1  |  00:00:00  |
|  Shift Register                                   |            0  |              0  |                     0  |           0  |           1  |  00:00:00  |
|  BRAM Register                                    |            0  |              0  |                     0  |           0  |           1  |  00:00:00  |
|  URAM Register                                    |            0  |              0  |                     0  |           0  |           1  |  00:00:00  |
|  Dynamic/Static Region Interface Net Replication  |            0  |              0  |                     0  |           0  |           1  |  00:00:00  |
|  Total                                            |           83  |             26  |                   109  |           0  |           9  |  00:00:00  |
-----------------------------------------------------------------------------------------------------------------------------------------------------------


Phase 2.5.2 Physical Synthesis In Placer | Checksum: 2036c0f5e

Time (s): cpu = 00:00:12 ; elapsed = 00:00:08 . Memory (MB): peak = 1919.645 ; gain = 2.613
Phase 2.5 Global Place Phase2 | Checksum: 1b2dd6c4f

Time (s): cpu = 00:00:13 ; elapsed = 00:00:09 . Memory (MB): peak = 1919.645 ; gain = 2.613
Phase 2 Global Placement | Checksum: 1b2dd6c4f

Time (s): cpu = 00:00:13 ; elapsed = 00:00:09 . Memory (MB): peak = 1919.645 ; gain = 2.613

Phase 3 Detail Placement

Phase 3.1 Commit Multi Column Macros
Phase 3.1 Commit Multi Column Macros | Checksum: 1cdc49d23

Time (s): cpu = 00:00:14 ; elapsed = 00:00:10 . Memory (MB): peak = 1919.645 ; gain = 2.613

Phase 3.2 Commit Most Macros & LUTRAMs
Phase 3.2 Commit Most Macros & LUTRAMs | Checksum: 278d672bc

Time (s): cpu = 00:00:16 ; elapsed = 00:00:11 . Memory (MB): peak = 1919.645 ; gain = 2.613

Phase 3.3 Area Swap Optimization
Phase 3.3 Area Swap Optimization | Checksum: 244dc6ac2

Time (s): cpu = 00:00:16 ; elapsed = 00:00:11 . Memory (MB): peak = 1919.645 ; gain = 2.613

Phase 3.4 Pipeline Register Optimization
Phase 3.4 Pipeline Register Optimization | Checksum: 1f8ed8dec

Time (s): cpu = 00:00:16 ; elapsed = 00:00:11 . Memory (MB): peak = 1919.645 ; gain = 2.613

Phase 3.5 Fast Optimization
Phase 3.5 Fast Optimization | Checksum: 20c31bd43

Time (s): cpu = 00:00:18 ; elapsed = 00:00:12 . Memory (MB): peak = 1919.645 ; gain = 2.613

Phase 3.6 Small Shape Detail Placement
Phase 3.6 Small Shape Detail Placement | Checksum: 19eb02862

Time (s): cpu = 00:00:22 ; elapsed = 00:00:16 . Memory (MB): peak = 1919.645 ; gain = 2.613

Phase 3.7 Re-assign LUT pins
Phase 3.7 Re-assign LUT pins | Checksum: 18c6f9c91

Time (s): cpu = 00:00:22 ; elapsed = 00:00:16 . Memory (MB): peak = 1919.645 ; gain = 2.613

Phase 3.8 Pipeline Register Optimization
Phase 3.8 Pipeline Register Optimization | Checksum: 180670167

Time (s): cpu = 00:00:22 ; elapsed = 00:00:16 . Memory (MB): peak = 1919.645 ; gain = 2.613
Phase 3 Detail Placement | Checksum: 180670167

Time (s): cpu = 00:00:23 ; elapsed = 00:00:16 . Memory (MB): peak = 1919.645 ; gain = 2.613

Phase 4 Post Placement Optimization and Clean-Up

Phase 4.1 Post Commit Optimization
INFO: [Timing 38-35] Done setting XDC timing constraints.

Phase 4.1.1 Post Placement Optimization
Post Placement Optimization Initialization | Checksum: 19526c4d1

Phase 4.1.1.1 BUFG Insertion

Starting Physical Synthesis Task

Phase 1 Physical Synthesis Initialization
INFO: [Physopt 32-721] Multithreading enabled for phys_opt_design using a maximum of 2 CPUs
INFO: [Physopt 32-619] Estimated Timing Summary | WNS=-1.066 | TNS=-23.491 |
Phase 1 Physical Synthesis Initialization | Checksum: 18a051163

Time (s): cpu = 00:00:00 ; elapsed = 00:00:00.108 . Memory (MB): peak = 1967.617 ; gain = 0.000
INFO: [Place 46-33] Processed net board_inst/reset_sync, BUFG insertion was skipped due to placement/routing conflicts.
INFO: [Place 46-56] BUFG insertion identified 1 candidate nets. Inserted BUFG: 0, Replicated BUFG Driver: 0, Skipped due to Placement/Routing Conflicts: 1, Skipped due to Timing Degradation: 0, Skipped due to netlist editing failed: 0.
Ending Physical Synthesis Task | Checksum: 265720936

Time (s): cpu = 00:00:00 ; elapsed = 00:00:00.278 . Memory (MB): peak = 1967.617 ; gain = 0.000
Phase 4.1.1.1 BUFG Insertion | Checksum: 19526c4d1

Time (s): cpu = 00:00:25 ; elapsed = 00:00:18 . Memory (MB): peak = 1967.617 ; gain = 50.586

Phase 4.1.1.2 Post Placement Timing Optimization
INFO: [Place 30-746] Post Placement Timing Summary WNS=0.500. For the most accurate timing information please run report_timing.
Phase 4.1.1.2 Post Placement Timing Optimization | Checksum: 2638de13b

Time (s): cpu = 00:00:27 ; elapsed = 00:00:19 . Memory (MB): peak = 1967.617 ; gain = 50.586

Time (s): cpu = 00:00:27 ; elapsed = 00:00:19 . Memory (MB): peak = 1967.617 ; gain = 50.586
Phase 4.1 Post Commit Optimization | Checksum: 2638de13b

Time (s): cpu = 00:00:27 ; elapsed = 00:00:19 . Memory (MB): peak = 1967.617 ; gain = 50.586

Phase 4.2 Post Placement Cleanup
Phase 4.2 Post Placement Cleanup | Checksum: 2638de13b

Time (s): cpu = 00:00:27 ; elapsed = 00:00:19 . Memory (MB): peak = 1967.617 ; gain = 50.586

Phase 4.3 Placer Reporting

Phase 4.3.1 Print Estimated Congestion
INFO: [Place 30-612] Post-Placement Estimated Congestion 
 ____________________________________________________
|           | Global Congestion | Short Congestion  |
| Direction | Region Size       | Region Size       |
|___________|___________________|___________________|
|      North|                2x2|                4x4|
|___________|___________________|___________________|
|      South|                1x1|                4x4|
|___________|___________________|___________________|
|       East|                8x8|                4x4|
|___________|___________________|___________________|
|       West|                1x1|                4x4|
|___________|___________________|___________________|

Phase 4.3.1 Print Estimated Congestion | Checksum: 2638de13b

Time (s): cpu = 00:00:27 ; elapsed = 00:00:19 . Memory (MB): peak = 1967.617 ; gain = 50.586
Phase 4.3 Placer Reporting | Checksum: 2638de13b

Time (s): cpu = 00:00:27 ; elapsed = 00:00:19 . Memory (MB): peak = 1967.617 ; gain = 50.586

Phase 4.4 Final Placement Cleanup
Netlist sorting complete. Time (s): cpu = 00:00:00 ; elapsed = 00:00:00.005 . Memory (MB): peak = 1967.617 ; gain = 0.000

Time (s): cpu = 00:00:27 ; elapsed = 00:00:19 . Memory (MB): peak = 1967.617 ; gain = 50.586
Phase 4 Post Placement Optimization and Clean-Up | Checksum: 1df9fc58c

Time (s): cpu = 00:00:27 ; elapsed = 00:00:19 . Memory (MB): peak = 1967.617 ; gain = 50.586
Ending Placer Task | Checksum: 12463bcd0

Time (s): cpu = 00:00:27 ; elapsed = 00:00:19 . Memory (MB): peak = 1967.617 ; gain = 50.586
77 Infos, 2 Warnings, 0 Critical Warnings and 0 Errors encountered.
place_design completed successfully
place_design: Time (s): cpu = 00:00:29 ; elapsed = 00:00:20 . Memory (MB): peak = 1967.617 ; gain = 50.586
INFO: [Vivado 12-24838] Running report commands "report_control_sets, report_io, report_utilization" in parallel.
Running report generation with 2 threads.
INFO: [Vivado 12-24828] Executing command : report_io -file tetris_top_io_placed.rpt
report_io: Time (s): cpu = 00:00:00 ; elapsed = 00:00:00.040 . Memory (MB): peak = 1967.617 ; gain = 0.000
INFO: [Vivado 12-24828] Executing command : report_control_sets -verbose -file tetris_top_control_sets_placed.rpt
report_control_sets: Time (s): cpu = 00:00:00 ; elapsed = 00:00:00.005 . Memory (MB): peak = 1967.617 ; gain = 0.000
INFO: [Vivado 12-24828] Executing command : report_utilization -file tetris_top_utilization_placed.rpt -pb tetris_top_utilization_placed.pb
INFO: [Timing 38-480] Writing timing data to binary archive.
Write ShapeDB Complete: Time (s): cpu = 00:00:00 ; elapsed = 00:00:00.022 . Memory (MB): peak = 1967.617 ; gain = 0.000
Wrote PlaceDB: Time (s): cpu = 00:00:02 ; elapsed = 00:00:00.689 . Memory (MB): peak = 1967.617 ; gain = 0.000
Wrote PulsedLatchDB: Time (s): cpu = 00:00:00 ; elapsed = 00:00:00 . Memory (MB): peak = 1967.617 ; gain = 0.000
Writing XDEF routing.
Writing XDEF routing logical nets.
Writing XDEF routing special nets.
Wrote RouteStorage: Time (s): cpu = 00:00:00 ; elapsed = 00:00:00.014 . Memory (MB): peak = 1967.617 ; gain = 0.000
Wrote Netlist Cache: Time (s): cpu = 00:00:00 ; elapsed = 00:00:00.019 . Memory (MB): peak = 1967.617 ; gain = 0.000
Wrote Device Cache: Time (s): cpu = 00:00:00 ; elapsed = 00:00:00.004 . Memory (MB): peak = 1967.617 ; gain = 0.000
Write Physdb Complete: Time (s): cpu = 00:00:02 ; elapsed = 00:00:00.737 . Memory (MB): peak = 1967.617 ; gain = 0.000
INFO: [Common 17-1381] The checkpoint 'C:/Users/User/Documents/Trabajo_SED_Tetris/Trabajo_V.7/Trabajo_V.7.runs/impl_1/tetris_top_placed.dcp' has been generated.
Command: phys_opt_design
Attempting to get a license for feature 'Implementation' and/or device 'xc7a100t'
INFO: [Common 17-349] Got license for feature 'Implementation' and/or device 'xc7a100t'

Starting Initial Update Timing Task

Time (s): cpu = 00:00:01 ; elapsed = 00:00:00.911 . Memory (MB): peak = 1980.242 ; gain = 12.625
INFO: [Vivado_Tcl 4-2279] Estimated Timing Summary | WNS= 0.500 | TNS= 0.000 | 
INFO: [Vivado_Tcl 4-383] Design worst setup slack (WNS) is greater than or equal to 0.000 ns. All physical synthesis setup optimizations will be skipped.
INFO: [Vivado_Tcl 4-232] No setup violation found. The netlist was not modified.
INFO: [Common 17-83] Releasing license: Implementation
88 Infos, 2 Warnings, 0 Critical Warnings and 0 Errors encountered.
phys_opt_design completed successfully
INFO: [Timing 38-480] Writing timing data to binary archive.
Write ShapeDB Complete: Time (s): cpu = 00:00:01 ; elapsed = 00:00:00.027 . Memory (MB): peak = 1997.047 ; gain = 0.051
Wrote PlaceDB: Time (s): cpu = 00:00:02 ; elapsed = 00:00:00.717 . Memory (MB): peak = 1998.961 ; gain = 1.914
Wrote PulsedLatchDB: Time (s): cpu = 00:00:00 ; elapsed = 00:00:00 . Memory (MB): peak = 1998.961 ; gain = 0.000
Writing XDEF routing.
Writing XDEF routing logical nets.
Writing XDEF routing special nets.
Wrote RouteStorage: Time (s): cpu = 00:00:00 ; elapsed = 00:00:00.015 . Memory (MB): peak = 1998.961 ; gain = 0.000
Wrote Netlist Cache: Time (s): cpu = 00:00:00 ; elapsed = 00:00:00.020 . Memory (MB): peak = 1998.961 ; gain = 0.000
Wrote Device Cache: Time (s): cpu = 00:00:00 ; elapsed = 00:00:00.004 . Memory (MB): peak = 1998.961 ; gain = 0.000
Write Physdb Complete: Time (s): cpu = 00:00:02 ; elapsed = 00:00:00.767 . Memory (MB): peak = 1998.961 ; gain = 1.914
INFO: [Common 17-1381] The checkpoint 'C:/Users/User/Documents/Trabajo_SED_Tetris/Trabajo_V.7/Trabajo_V.7.runs/impl_1/tetris_top_physopt.dcp' has been generated.
Command: route_design
Attempting to get a license for feature 'Implementation' and/or device 'xc7a100t'
INFO: [Common 17-349] Got license for feature 'Implementation' and/or device 'xc7a100t'


Starting Routing Task
INFO: [Route 35-254] Multithreading enabled for route_design using a maximum of 2 CPUs

Phase 1 Build RT Design
Checksum: PlaceDB: 6253e103 ConstDB: 0 ShapeSum: 103d7c37 RouteDB: b1d25f96
Post Restoration Checksum: NetGraph: 41e440d2 | NumContArr: 82b86990 | Constraints: c2a8fa9d | Timing: c2a8fa9d
Phase 1 Build RT Design | Checksum: 249ee9f9c

Time (s): cpu = 00:00:25 ; elapsed = 00:00:22 . Memory (MB): peak = 2124.137 ; gain = 125.176

Phase 2 Router Initialization

Phase 2.1 Fix Topology Constraints
Phase 2.1 Fix Topology Constraints | Checksum: 249ee9f9c

Time (s): cpu = 00:00:25 ; elapsed = 00:00:22 . Memory (MB): peak = 2124.320 ; gain = 125.359

Phase 2.2 Pre Route Cleanup
Phase 2.2 Pre Route Cleanup | Checksum: 249ee9f9c

Time (s): cpu = 00:00:25 ; elapsed = 00:00:23 . Memory (MB): peak = 2124.320 ; gain = 125.359
 Number of Nodes with overlaps = 0

Phase 2.3 Update Timing
Phase 2.3 Update Timing | Checksum: 2ad5f8a21

Time (s): cpu = 00:00:27 ; elapsed = 00:00:24 . Memory (MB): peak = 2179.195 ; gain = 180.234
INFO: [Route 35-416] Intermediate Timing Summary | WNS=1.693  | TNS=0.000  | WHS=-0.142 | THS=-7.320 |


Phase 2.4 Soft Constraint Pins - Fast Budgeting
Phase 2.4 Soft Constraint Pins - Fast Budgeting | Checksum: 225bce7e6

Time (s): cpu = 00:00:28 ; elapsed = 00:00:25 . Memory (MB): peak = 2205.453 ; gain = 206.492

Router Utilization Summary
  Global Vertical Routing Utilization    = 0.00243722 %
  Global Horizontal Routing Utilization  = 0.00504405 %
  Routable Net Status*
  *Does not include unroutable nets such as driverless and loadless.
  Run report_route_status for detailed report.
  Number of Failed Nets               = 15248
    (Failed Nets is the sum of unrouted and partially routed nets)
  Number of Unrouted Nets             = 15248
  Number of Partially Routed Nets     = 0
  Number of Node Overlaps             = 0

Phase 2 Router Initialization | Checksum: 2253a5017

Time (s): cpu = 00:00:29 ; elapsed = 00:00:25 . Memory (MB): peak = 2205.453 ; gain = 206.492

Phase 3 Global Routing
Phase 3 Global Routing | Checksum: 2253a5017

Time (s): cpu = 00:00:29 ; elapsed = 00:00:25 . Memory (MB): peak = 2205.453 ; gain = 206.492

Phase 4 Initial Routing

Phase 4.1 Initial Net Routing Pass
Phase 4.1 Initial Net Routing Pass | Checksum: 2a174813b

Time (s): cpu = 00:00:33 ; elapsed = 00:00:27 . Memory (MB): peak = 2205.453 ; gain = 206.492
Phase 4 Initial Routing | Checksum: 2a174813b

Time (s): cpu = 00:00:33 ; elapsed = 00:00:27 . Memory (MB): peak = 2205.453 ; gain = 206.492

Phase 5 Rip-up And Reroute

Phase 5.1 Global Iteration 0
 Number of Nodes with overlaps = 9652
 Number of Nodes with overlaps = 3179
 Number of Nodes with overlaps = 1330
 Number of Nodes with overlaps = 572
 Number of Nodes with overlaps = 195
 Number of Nodes with overlaps = 90
 Number of Nodes with overlaps = 33
 Number of Nodes with overlaps = 15
 Number of Nodes with overlaps = 10
 Number of Nodes with overlaps = 4
 Number of Nodes with overlaps = 5
 Number of Nodes with overlaps = 3
 Number of Nodes with overlaps = 0
INFO: [Route 35-416] Intermediate Timing Summary | WNS=-0.689 | TNS=-13.105| WHS=N/A    | THS=N/A    |

Phase 5.1 Global Iteration 0 | Checksum: 26fd6061b

Time (s): cpu = 00:01:33 ; elapsed = 00:01:03 . Memory (MB): peak = 2215.930 ; gain = 216.969

Phase 5.2 Global Iteration 1
 Number of Nodes with overlaps = 2738
 Number of Nodes with overlaps = 1306
 Number of Nodes with overlaps = 520
 Number of Nodes with overlaps = 201
 Number of Nodes with overlaps = 76
 Number of Nodes with overlaps = 32
 Number of Nodes with overlaps = 7
 Number of Nodes with overlaps = 4
 Number of Nodes with overlaps = 1
 Number of Nodes with overlaps = 0
INFO: [Route 35-416] Intermediate Timing Summary | WNS=0.032  | TNS=0.000  | WHS=N/A    | THS=N/A    |

Phase 5.2 Global Iteration 1 | Checksum: 32fdcd069

Time (s): cpu = 00:02:00 ; elapsed = 00:01:19 . Memory (MB): peak = 2215.930 ; gain = 216.969
Phase 5 Rip-up And Reroute | Checksum: 32fdcd069

Time (s): cpu = 00:02:00 ; elapsed = 00:01:19 . Memory (MB): peak = 2215.930 ; gain = 216.969

Phase 6 Delay and Skew Optimization

Phase 6.1 Delay CleanUp
Phase 6.1 Delay CleanUp | Checksum: 32fdcd069

Time (s): cpu = 00:02:00 ; elapsed = 00:01:19 . Memory (MB): peak = 2215.930 ; gain = 216.969

Phase 6.2 Clock Skew Optimization
Phase 6.2 Clock Skew Optimization | Checksum: 32fdcd069

Time (s): cpu = 00:02:00 ; elapsed = 00:01:19 . Memory (MB): peak = 2215.930 ; gain = 216.969
Phase 6 Delay and Skew Optimization | Checksum: 32fdcd069

Time (s): cpu = 00:02:00 ; elapsed = 00:01:19 . Memory (MB): peak = 2215.930 ; gain = 216.969

Phase 7 Post Hold Fix

Phase 7.1 Hold Fix Iter
INFO: [Route 35-416] Intermediate Timing Summary | WNS=0.120  | TNS=0.000  | WHS=0.180  | THS=0.000  |

Phase 7.1 Hold Fix Iter | Checksum: 3558e9c36

Time (s): cpu = 00:02:00 ; elapsed = 00:01:20 . Memory (MB): peak = 2215.930 ; gain = 216.969
Phase 7 Post Hold Fix | Checksum: 3558e9c36

Time (s): cpu = 00:02:00 ; elapsed = 00:01:20 . Memory (MB): peak = 2215.930 ; gain = 216.969

Phase 8 Route finalize

Router Utilization Summary
  Global Vertical Routing Utilization    = 6.78378 %
  Global Horizontal Routing Utilization  = 9.2549 %
  Routable Net Status*
  *Does not include unroutable nets such as driverless and loadless.
  Run report_route_status for detailed report.
  Number of Failed Nets               = 0
    (Failed Nets is the sum of unrouted and partially routed nets)
  Number of Unrouted Nets             = 0
  Number of Partially Routed Nets     = 0
  Number of Node Overlaps             = 0

Phase 8 Route finalize | Checksum: 3558e9c36

Time (s): cpu = 00:02:00 ; elapsed = 00:01:20 . Memory (MB): peak = 2215.930 ; gain = 216.969

Phase 9 Verifying routed nets

 Verification completed successfully
Phase 9 Verifying routed nets | Checksum: 3558e9c36

Time (s): cpu = 00:02:00 ; elapsed = 00:01:20 . Memory (MB): peak = 2215.930 ; gain = 216.969

Phase 10 Depositing Routes
Phase 10 Depositing Routes | Checksum: 2d5a7055a

Time (s): cpu = 00:02:02 ; elapsed = 00:01:21 . Memory (MB): peak = 2215.930 ; gain = 216.969

Phase 11 Post Process Routing
Phase 11 Post Process Routing | Checksum: 2d5a7055a

Time (s): cpu = 00:02:02 ; elapsed = 00:01:21 . Memory (MB): peak = 2215.930 ; gain = 216.969

Phase 12 Post Router Timing
INFO: [Route 35-57] Estimated Timing Summary | WNS=0.120  | TNS=0.000  | WHS=0.180  | THS=0.000  |

INFO: [Route 35-327] The final timing numbers are based on the router estimated timing analysis. For a complete and accurate timing signoff, please run report_timing_summary.
Phase 12 Post Router Timing | Checksum: 2d5a7055a

Time (s): cpu = 00:02:02 ; elapsed = 00:01:21 . Memory (MB): peak = 2215.930 ; gain = 216.969
Total Elapsed time in route_design: 80.833 secs

Phase 13 Post-Route Event Processing
Phase 13 Post-Route Event Processing | Checksum: 1b1ff240f

Time (s): cpu = 00:02:02 ; elapsed = 00:01:21 . Memory (MB): peak = 2215.930 ; gain = 216.969
INFO: [Route 35-16] Router Completed Successfully
Ending Routing Task | Checksum: 1b1ff240f

Time (s): cpu = 00:02:02 ; elapsed = 00:01:21 . Memory (MB): peak = 2215.930 ; gain = 216.969

Routing Is Done.
INFO: [Common 17-83] Releasing license: Implementation
100 Infos, 2 Warnings, 0 Critical Warnings and 0 Errors encountered.
route_design completed successfully
route_design: Time (s): cpu = 00:02:02 ; elapsed = 00:01:21 . Memory (MB): peak = 2215.930 ; gain = 216.969
INFO: [Vivado 12-24828] Executing command : report_drc -file tetris_top_drc_routed.rpt -pb tetris_top_drc_routed.pb -rpx tetris_top_drc_routed.rpx
Command: report_drc -file tetris_top_drc_routed.rpt -pb tetris_top_drc_routed.pb -rpx tetris_top_drc_routed.rpx
INFO: [IP_Flow 19-1839] IP Catalog is up to date.
INFO: [DRC 23-27] Running DRC with 2 threads
INFO: [Vivado_Tcl 2-168] The results of DRC are in file C:/Users/User/Documents/Trabajo_SED_Tetris/Trabajo_V.7/Trabajo_V.7.runs/impl_1/tetris_top_drc_routed.rpt.
report_drc completed successfully
INFO: [Vivado 12-24828] Executing command : report_methodology -file tetris_top_methodology_drc_routed.rpt -pb tetris_top_methodology_drc_routed.pb -rpx tetris_top_methodology_drc_routed.rpx
Command: report_methodology -file tetris_top_methodology_drc_routed.rpt -pb tetris_top_methodology_drc_routed.pb -rpx tetris_top_methodology_drc_routed.rpx
INFO: [Timing 38-35] Done setting XDC timing constraints.
INFO: [DRC 23-133] Running Methodology with 2 threads
INFO: [Vivado_Tcl 2-1520] The results of Report Methodology are in file C:/Users/User/Documents/Trabajo_SED_Tetris/Trabajo_V.7/Trabajo_V.7.runs/impl_1/tetris_top_methodology_drc_routed.rpt.
report_methodology completed successfully
INFO: [Vivado 12-24828] Executing command : report_timing_summary -max_paths 10 -report_unconstrained -file tetris_top_timing_summary_routed.rpt -pb tetris_top_timing_summary_routed.pb -rpx tetris_top_timing_summary_routed.rpx -warn_on_violation 
INFO: [Timing 38-35] Done setting XDC timing constraints.
INFO: [Timing 38-91] UpdateTimingParams: Speed grade: -1, Delay Type: min_max.
INFO: [Timing 38-191] Multithreading enabled for timing update using a maximum of 2 CPUs
INFO: [Vivado 12-24838] Running report commands "report_incremental_reuse, report_route_status" in parallel.
Running report generation with 2 threads.
INFO: [Vivado 12-24828] Executing command : report_incremental_reuse -file tetris_top_incremental_reuse_routed.rpt
INFO: [Vivado_Tcl 4-1062] Incremental flow is disabled. No incremental reuse Info to report.
INFO: [Vivado 12-24828] Executing command : report_route_status -file tetris_top_route_status.rpt -pb tetris_top_route_status.pb
INFO: [Vivado 12-24828] Executing command : report_power -file tetris_top_power_routed.rpt -pb tetris_top_power_summary_routed.pb -rpx tetris_top_power_routed.rpx
Command: report_power -file tetris_top_power_routed.rpt -pb tetris_top_power_summary_routed.pb -rpx tetris_top_power_routed.rpx
Running Vector-less Activity Propagation...

Finished Running Vector-less Activity Propagation
WARNING: [Power 33-332] Found switching activity that implies high-fanout reset nets being asserted for excessive periods of time which may result in inaccurate power analysis.
Resolution: To review and fix problems, please run Power Constraints Advisor in the GUI from Tools > Power Constraints Advisor or run report_power with the -advisory option to generate a text report.
117 Infos, 3 Warnings, 0 Critical Warnings and 0 Errors encountered.
report_power completed successfully
INFO: [Vivado 12-24828] Executing command : report_clock_utilization -file tetris_top_clock_utilization_routed.rpt
INFO: [Vivado 12-24828] Executing command : report_bus_skew -warn_on_violation -file tetris_top_bus_skew_routed.rpt -pb tetris_top_bus_skew_routed.pb -rpx tetris_top_bus_skew_routed.rpx
INFO: [Timing 38-91] UpdateTimingParams: Speed grade: -1, Delay Type: min_max.
INFO: [Timing 38-191] Multithreading enabled for timing update using a maximum of 2 CPUs
generate_parallel_reports: Time (s): cpu = 00:00:18 ; elapsed = 00:00:11 . Memory (MB): peak = 2281.125 ; gain = 65.195
INFO: [Timing 38-480] Writing timing data to binary archive.
Write ShapeDB Complete: Time (s): cpu = 00:00:00 ; elapsed = 00:00:00.024 . Memory (MB): peak = 2301.180 ; gain = 2.184
Wrote PlaceDB: Time (s): cpu = 00:00:01 ; elapsed = 00:00:00.725 . Memory (MB): peak = 2305.699 ; gain = 6.535
Wrote PulsedLatchDB: Time (s): cpu = 00:00:00 ; elapsed = 00:00:00 . Memory (MB): peak = 2305.699 ; gain = 0.000
Writing XDEF routing.
Writing XDEF routing logical nets.
Writing XDEF routing special nets.
Wrote RouteStorage: Time (s): cpu = 00:00:00 ; elapsed = 00:00:00.115 . Memory (MB): peak = 2305.699 ; gain = 0.000
Wrote Netlist Cache: Time (s): cpu = 00:00:01 ; elapsed = 00:00:00.020 . Memory (MB): peak = 2305.699 ; gain = 0.000
Wrote Device Cache: Time (s): cpu = 00:00:00 ; elapsed = 00:00:00.003 . Memory (MB): peak = 2305.699 ; gain = 0.000
Write Physdb Complete: Time (s): cpu = 00:00:02 ; elapsed = 00:00:00.874 . Memory (MB): peak = 2305.699 ; gain = 6.703
INFO: [Common 17-1381] The checkpoint 'C:/Users/User/Documents/Trabajo_SED_Tetris/Trabajo_V.7/Trabajo_V.7.runs/impl_1/tetris_top_routed.dcp' has been generated.
Command: write_bitstream -force tetris_top.bit
Attempting to get a license for feature 'Implementation' and/or device 'xc7a100t'
INFO: [Common 17-349] Got license for feature 'Implementation' and/or device 'xc7a100t'
Running DRC as a precondition to command write_bitstream
INFO: [IP_Flow 19-1839] IP Catalog is up to date.
INFO: [DRC 23-27] Running DRC with 2 threads
INFO: [Vivado 12-3199] DRC finished with 0 Errors
INFO: [Vivado 12-3200] Please refer to the DRC report (report_drc) for more information.
INFO: [Designutils 20-2272] Running write_bitstream with 2 threads.
Loading data files...
Loading site data...
Loading route data...
Processing options...
Creating bitmap...
Creating bitstream...
Writing bitstream ./tetris_top.bit...
INFO: [Vivado 12-1842] Bitgen Completed Successfully.
INFO: [Project 1-1876] WebTalk data collection is mandatory when using a ULT device. To see the specific WebTalk data collected for your design, open the usage_statistics_webtalk.html or usage_statistics_webtalk.xml file in the implementation directory.
INFO: [Common 17-83] Releasing license: Implementation
132 Infos, 3 Warnings, 0 Critical Warnings and 0 Errors encountered.
write_bitstream completed successfully
write_bitstream: Time (s): cpu = 00:00:17 ; elapsed = 00:00:12 . Memory (MB): peak = 2827.633 ; gain = 521.934
INFO: [Common 17-206] Exiting Vivado at Fri Dec 19 13:11:41 2025...
