Copyright 1986-2022 Xilinx, Inc. All Rights Reserved. Copyright 2022-2025 Advanced Micro Devices, Inc. All Rights Reserved.
---------------------------------------------------------------------------------------------------------------------------------------------
| Tool Version : Vivado v.2025.1 (win64) Build 6140274 Thu May 22 00:12:29 MDT 2025
| Date         : Fri Dec 19 13:09:51 2025
| Host         : DESKTOP-KCUO3LM running 64-bit major release  (build 9200)
| Command      : report_control_sets -verbose -file tetris_top_control_sets_placed.rpt
| Design       : tetris_top
| Device       : xc7a100t
---------------------------------------------------------------------------------------------------------------------------------------------

Control Set Information

Table of Contents
-----------------
1. Summary
2. Histogram
3. Flip-Flop Distribution
4. Detailed Control Set Information

1. Summary
----------

+----------------------------------------------------------+-------+
|                          Status                          | Count |
+----------------------------------------------------------+-------+
| Total control sets                                       |     9 |
|    Minimum number of control sets                        |     9 |
|    Addition due to synthesis replication                 |     0 |
|    Addition due to physical synthesis replication        |     0 |
| Unused register locations in slices containing registers |    44 |
+----------------------------------------------------------+-------+
* Control sets can be merged at opt_design using control_set_merge or merge_equivalent_drivers
** Run report_qor_suggestions for automated merging and remapping suggestions


2. Histogram
------------

+--------------------+-------+
|       Fanout       | Count |
+--------------------+-------+
| Total control sets |     9 |
| >= 0 to < 4        |     1 |
| >= 4 to < 6        |     1 |
| >= 6 to < 8        |     0 |
| >= 8 to < 10       |     0 |
| >= 10 to < 12      |     2 |
| >= 12 to < 14      |     1 |
| >= 14 to < 16      |     0 |
| >= 16              |     4 |
+--------------------+-------+
* Control sets can be remapped at either synth_design or opt_design


3. Flip-Flop Distribution
-------------------------

+--------------+-----------------------+------------------------+-----------------+--------------+
| Clock Enable | Synchronous Set/Reset | Asynchronous Set/Reset | Total Registers | Total Slices |
+--------------+-----------------------+------------------------+-----------------+--------------+
| No           | No                    | No                     |              21 |            6 |
| No           | No                    | Yes                    |             165 |           63 |
| No           | Yes                   | No                     |             804 |          514 |
| Yes          | No                    | No                     |               0 |            0 |
| Yes          | No                    | Yes                    |              82 |           26 |
| Yes          | Yes                   | No                     |              12 |            4 |
+--------------+-----------------------+------------------------+-----------------+--------------+


4. Detailed Control Set Information
-----------------------------------

+-----------------------------+-----------------------------------+-----------------------+------------------+----------------+--------------+
|         Clock Signal        |           Enable Signal           |    Set/Reset Signal   | Slice Load Count | Bel Load Count | Bels / Slice |
+-----------------------------+-----------------------------------+-----------------------+------------------+----------------+--------------+
|  clk_100MHz_IBUF            |                                   |                       |                1 |              3 |         3.00 |
|  u_clk_wiz/inst/clk_out1    | game_ctrl_inst//i__n_0            | board_inst/reset_sync |                2 |              5 |         2.50 |
|  vga_inst/pix_clk_i_reg_n_0 |                                   | board_inst/reset_sync |                4 |             10 |         2.50 |
|  vga_inst/pix_clk_i_reg_n_0 | vga_inst/v_count                  | board_inst/reset_sync |                3 |             10 |         3.33 |
|  u_clk_wiz/inst/clk_out1    | game_ctrl_inst/Q[1]               | board_inst/reset_sync |                4 |             12 |         3.00 |
|  u_clk_wiz/inst/clk_out1    |                                   |                       |                5 |             18 |         3.60 |
|  u_clk_wiz/inst/clk_out1    | piece_ctrl_inst/y_reg[31]_i_1_n_0 | board_inst/reset_sync |                9 |             33 |         3.67 |
|  u_clk_wiz/inst/clk_out1    | input_ctrl_inst/E[0]              | board_inst/reset_sync |               12 |             34 |         2.83 |
|  u_clk_wiz/inst/clk_out1    |                                   | board_inst/reset_sync |              573 |            959 |         1.67 |
+-----------------------------+-----------------------------------+-----------------------+------------------+----------------+--------------+


